ø¿»ƒ 7:48:19  [main] 	Initializing Control Panel
ø¿»ƒ 7:48:19  [main] 	Windows Version:  Home  64-bit
ø¿»ƒ 7:48:19  [main] 	XAMPP Version: 8.2.4
ø¿»ƒ 7:48:19  [main] 	Control Panel Version: 3.3.0  [ Compiled: Apr 6th 2021 ]
ø¿»ƒ 7:48:19  [main] 	Running with Administrator rights - good!
ø¿»ƒ 7:48:19  [main] 	XAMPP Installation Directory: "c:\users\becau\desktop\metaverse\apm\"
ø¿»ƒ 7:48:19  [main] 	Checking for prerequisites
ø¿»ƒ 7:48:19  [main] 	All prerequisites found
ø¿»ƒ 7:48:19  [main] 	Initializing Modules
ø¿»ƒ 7:48:19  [Apache] 	Apache Service detected with wrong path
ø¿»ƒ 7:48:19  [Apache] 	Change XAMPP Apache and Control Panel settings or
ø¿»ƒ 7:48:19  [Apache] 	Uninstall/disable the other service manually first
ø¿»ƒ 7:48:19  [Apache] 	Found Path: "C:\APM\Apache24\bin\httpd.exe" -k runservice
ø¿»ƒ 7:48:19  [Apache] 	Expected Path: "c:\users\becau\desktop\metaverse\apm\apache\bin\httpd.exe" -k runservice
ø¿»ƒ 7:48:19  [Apache] 	XAMPP Apache is already running on port 80
ø¿»ƒ 7:48:19  [Apache] 	XAMPP Apache is already running on port 443
ø¿»ƒ 7:48:19  [mysql] 	XAMPP MySQL is already running on port 3306
ø¿»ƒ 7:48:19  [main] 	The FileZilla module is disabled
ø¿»ƒ 7:48:19  [main] 	The Mercury module is disabled
ø¿»ƒ 7:48:19  [main] 	The Tomcat module is disabled
ø¿»ƒ 7:48:19  [main] 	Starting Check-Timer
ø¿»ƒ 7:48:19  [main] 	Control Panel Ready
ø¿»ƒ 7:50:32  [Apache] 	Uninstalling service...
ø¿»ƒ 7:50:33  [Apache] 	Successful!
ø¿»ƒ 7:50:35  [Apache] 	Attempting to start Apache app...
ø¿»ƒ 7:50:35  [Apache] 	Status change detected: running
ø¿»ƒ 9:43:27  [Apache] 	Attempting to stop Apache (PID: 1084)
ø¿»ƒ 9:43:27  [Apache] 	Attempting to stop Apache (PID: 8080)
ø¿»ƒ 9:43:28  [Apache] 	Status change detected: stopped
ø¿»ƒ 9:43:28  [mysql] 	Attempting to stop MySQL app...
ø¿»ƒ 9:43:28  [mysql] 	Status change detected: stopped
ø¿¿¸ 3:27:13  [main] 	Deinitializing Modules
ø¿¿¸ 3:27:13  [main] 	Deinitializing Control Panel

ø¿¿¸ 4:11:39  [main] 	Initializing Control Panel
ø¿¿¸ 4:11:39  [main] 	Windows Version:  Home  64-bit
ø¿¿¸ 4:11:39  [main] 	XAMPP Version: 8.2.4
ø¿¿¸ 4:11:39  [main] 	Control Panel Version: 3.3.0  [ Compiled: Apr 6th 2021 ]
ø¿¿¸ 4:11:39  [main] 	Running with Administrator rights - good!
ø¿¿¸ 4:11:39  [main] 	XAMPP Installation Directory: "c:\users\becau\desktop\metaverse\apm\"
ø¿¿¸ 4:11:39  [main] 	Checking for prerequisites
ø¿¿¸ 4:11:40  [main] 	All prerequisites found
ø¿¿¸ 4:11:40  [main] 	Initializing Modules
ø¿¿¸ 4:11:40  [Apache] 	XAMPP Apache is already running on port 80
ø¿¿¸ 4:11:40  [Apache] 	XAMPP Apache is already running on port 443
ø¿¿¸ 4:11:40  [mysql] 	XAMPP MySQL is already running on port 3306
ø¿¿¸ 4:11:40  [main] 	The FileZilla module is disabled
ø¿¿¸ 4:11:40  [main] 	The Mercury module is disabled
ø¿¿¸ 4:11:40  [main] 	The Tomcat module is disabled
ø¿¿¸ 4:11:40  [main] 	Starting Check-Timer
ø¿¿¸ 4:11:40  [main] 	Control Panel Ready
ø¿¿¸ 4:55:11  [Apache] 	Status change detected: stopped
ø¿¿¸ 4:55:11  [Apache] 	Error: Apache shutdown unexpectedly.
ø¿¿¸ 4:55:11  [Apache] 	This may be due to a blocked port, missing dependencies, 
ø¿¿¸ 4:55:11  [Apache] 	improper privileges, a crash, or a shutdown by another method.
ø¿¿¸ 4:55:11  [Apache] 	Press the Logs button to view error logs and check
ø¿¿¸ 4:55:11  [Apache] 	the Windows Event Viewer for more clues
ø¿¿¸ 4:55:11  [Apache] 	If you need more help, copy and post this
ø¿¿¸ 4:55:11  [Apache] 	entire log window on the forums
ø¿¿¸ 4:56:15  [mysql] 	Attempting to stop MySQL app...
ø¿¿¸ 4:56:15  [mysql] 	Status change detected: stopped
ø¿¿¸ 4:56:20  [main] 	Deinitializing Modules
ø¿¿¸ 4:56:20  [main] 	Deinitializing Control Panel

ø¿»ƒ 5:09:27  [main] 	Initializing Control Panel
ø¿»ƒ 5:09:27  [main] 	Windows Version:  Home  64-bit
ø¿»ƒ 5:09:27  [main] 	XAMPP Version: 8.2.4
ø¿»ƒ 5:09:27  [main] 	Control Panel Version: 3.3.0  [ Compiled: Apr 6th 2021 ]
ø¿»ƒ 5:09:27  [main] 	Running with Administrator rights - good!
ø¿»ƒ 5:09:27  [main] 	XAMPP Installation Directory: "c:\users\becau\desktop\metaverse\apm\"
ø¿»ƒ 5:09:27  [main] 	Checking for prerequisites
ø¿»ƒ 5:09:28  [main] 	All prerequisites found
ø¿»ƒ 5:09:28  [main] 	Initializing Modules
ø¿»ƒ 5:09:28  [mysql] 	XAMPP MySQL is already running on port 3306
ø¿»ƒ 5:09:28  [main] 	The FileZilla module is disabled
ø¿»ƒ 5:09:28  [main] 	The Mercury module is disabled
ø¿»ƒ 5:09:28  [main] 	The Tomcat module is disabled
ø¿»ƒ 5:09:28  [main] 	Starting Check-Timer
ø¿»ƒ 5:09:28  [main] 	Control Panel Ready
ø¿»ƒ 5:09:30  [Apache] 	Attempting to start Apache app...
ø¿»ƒ 5:09:30  [Apache] 	Status change detected: running
ø¿»ƒ 6:02:07  [Apache] 	Attempting to stop Apache (PID: 15312)
ø¿»ƒ 6:02:07  [Apache] 	Attempting to stop Apache (PID: 20556)
ø¿»ƒ 6:02:07  [Apache] 	Status change detected: stopped
ø¿»ƒ 6:02:08  [mysql] 	Attempting to stop MySQL app...
ø¿»ƒ 6:02:09  [mysql] 	Status change detected: stopped
ø¿»ƒ 6:05:07  [main] 	Deinitializing Modules
ø¿»ƒ 6:05:07  [main] 	Deinitializing Control Panel

ø¿»ƒ 3:41:33  [main] 	Initializing Control Panel
ø¿»ƒ 3:41:33  [main] 	Windows Version:  Home  64-bit
ø¿»ƒ 3:41:33  [main] 	XAMPP Version: 8.2.4
ø¿»ƒ 3:41:33  [main] 	Control Panel Version: 3.3.0  [ Compiled: Apr 6th 2021 ]
ø¿»ƒ 3:41:33  [main] 	Running with Administrator rights - good!
ø¿»ƒ 3:41:33  [main] 	XAMPP Installation Directory: "c:\users\becau\desktop\metaverse\apm\"
ø¿»ƒ 3:41:33  [main] 	Checking for prerequisites
ø¿»ƒ 3:41:35  [main] 	All prerequisites found
ø¿»ƒ 3:41:35  [main] 	Initializing Modules
ø¿»ƒ 3:41:35  [mysql] 	XAMPP MySQL is already running on port 3306
ø¿»ƒ 3:41:35  [main] 	The FileZilla module is disabled
ø¿»ƒ 3:41:35  [main] 	The Mercury module is disabled
ø¿»ƒ 3:41:35  [main] 	The Tomcat module is disabled
ø¿»ƒ 3:41:35  [main] 	Starting Check-Timer
ø¿»ƒ 3:41:35  [main] 	Control Panel Ready
ø¿»ƒ 3:41:37  [Apache] 	Attempting to start Apache app...
ø¿»ƒ 3:41:38  [Apache] 	Status change detected: running
ø¿»ƒ 5:58:52  [Apache] 	Attempting to stop Apache (PID: 20204)
ø¿»ƒ 5:58:52  [Apache] 	Attempting to stop Apache (PID: 9980)
ø¿»ƒ 5:58:52  [Apache] 	Status change detected: stopped
ø¿»ƒ 5:58:52  [mysql] 	Attempting to stop MySQL app...
ø¿»ƒ 5:58:53  [mysql] 	Status change detected: stopped
ø¿»ƒ 5:59:07  [main] 	Deinitializing Modules
ø¿»ƒ 5:59:07  [main] 	Deinitializing Control Panel

ø¿»ƒ 7:34:18  [main] 	Initializing Control Panel
ø¿»ƒ 7:34:18  [main] 	Windows Version:  Home  64-bit
ø¿»ƒ 7:34:18  [main] 	XAMPP Version: 8.2.4
ø¿»ƒ 7:34:18  [main] 	Control Panel Version: 3.3.0  [ Compiled: Apr 6th 2021 ]
ø¿»ƒ 7:34:18  [main] 	Running with Administrator rights - good!
ø¿»ƒ 7:34:18  [main] 	XAMPP Installation Directory: "c:\users\becau\desktop\metaverse\apm\"
ø¿»ƒ 7:34:18  [main] 	Checking for prerequisites
ø¿»ƒ 7:34:20  [main] 	All prerequisites found
ø¿»ƒ 7:34:20  [main] 	Initializing Modules
ø¿»ƒ 7:34:20  [mysql] 	XAMPP MySQL is already running on port 3306
ø¿»ƒ 7:34:20  [main] 	The FileZilla module is disabled
ø¿»ƒ 7:34:20  [main] 	The Mercury module is disabled
ø¿»ƒ 7:34:20  [main] 	The Tomcat module is disabled
ø¿»ƒ 7:34:20  [main] 	Starting Check-Timer
ø¿»ƒ 7:34:20  [main] 	Control Panel Ready
ø¿»ƒ 7:34:22  [Apache] 	Attempting to start Apache app...
ø¿»ƒ 7:34:22  [Apache] 	Status change detected: running
ø¿»ƒ 7:47:49  [Apache] 	Attempting to stop Apache (PID: 4784)
ø¿»ƒ 7:47:49  [Apache] 	Attempting to stop Apache (PID: 2424)
ø¿»ƒ 7:47:49  [Apache] 	Status change detected: stopped
ø¿»ƒ 7:47:50  [mysql] 	Attempting to stop MySQL app...
ø¿»ƒ 7:47:50  [mysql] 	Status change detected: stopped
ø¿»ƒ 9:56:31  [main] 	Deinitializing Modules
ø¿»ƒ 9:56:31  [main] 	Deinitializing Control Panel

ø¿»ƒ 4:53:41  [main] 	Initializing Control Panel
ø¿»ƒ 4:53:41  [main] 	Windows Version:  Home  64-bit
ø¿»ƒ 4:53:41  [main] 	XAMPP Version: 8.2.4
ø¿»ƒ 4:53:41  [main] 	Control Panel Version: 3.3.0  [ Compiled: Apr 6th 2021 ]
ø¿»ƒ 4:53:41  [main] 	Running with Administrator rights - good!
ø¿»ƒ 4:53:41  [main] 	XAMPP Installation Directory: "c:\users\becau\desktop\metaverse\apm\"
ø¿»ƒ 4:53:42  [main] 	Checking for prerequisites
ø¿»ƒ 4:53:43  [main] 	All prerequisites found
ø¿»ƒ 4:53:43  [main] 	Initializing Modules
ø¿»ƒ 4:53:43  [mysql] 	XAMPP MySQL is already running on port 3306
ø¿»ƒ 4:53:43  [main] 	The FileZilla module is disabled
ø¿»ƒ 4:53:43  [main] 	The Mercury module is disabled
ø¿»ƒ 4:53:43  [main] 	The Tomcat module is disabled
ø¿»ƒ 4:53:43  [main] 	Starting Check-Timer
ø¿»ƒ 4:53:43  [main] 	Control Panel Ready
ø¿»ƒ 4:53:45  [Apache] 	Attempting to start Apache app...
ø¿»ƒ 4:53:46  [Apache] 	Status change detected: running
ø¿»ƒ 5:41:52  [Apache] 	Attempting to stop Apache (PID: 1744)
ø¿»ƒ 5:41:52  [Apache] 	Attempting to stop Apache (PID: 13328)
ø¿»ƒ 5:41:52  [Apache] 	Status change detected: stopped
ø¿»ƒ 5:41:53  [mysql] 	Attempting to stop MySQL app...
ø¿»ƒ 5:41:53  [mysql] 	Status change detected: stopped
ø¿»ƒ 5:45:03  [main] 	Deinitializing Modules
ø¿»ƒ 5:45:03  [main] 	Deinitializing Control Panel

ø¿»ƒ 2:04:30  [main] 	Initializing Control Panel
ø¿»ƒ 2:04:30  [main] 	Windows Version:  Home  64-bit
ø¿»ƒ 2:04:30  [main] 	XAMPP Version: 8.2.4
ø¿»ƒ 2:04:30  [main] 	Control Panel Version: 3.3.0  [ Compiled: Apr 6th 2021 ]
ø¿»ƒ 2:04:30  [main] 	Running with Administrator rights - good!
ø¿»ƒ 2:04:30  [main] 	XAMPP Installation Directory: "c:\users\becau\desktop\metaverse\apm\"
ø¿»ƒ 2:04:30  [main] 	Checking for prerequisites
ø¿»ƒ 2:04:31  [main] 	All prerequisites found
ø¿»ƒ 2:04:31  [main] 	Initializing Modules
ø¿»ƒ 2:04:31  [mysql] 	XAMPP MySQL is already running on port 3306
ø¿»ƒ 2:04:31  [main] 	The FileZilla module is disabled
ø¿»ƒ 2:04:31  [main] 	The Mercury module is disabled
ø¿»ƒ 2:04:31  [main] 	The Tomcat module is disabled
ø¿»ƒ 2:04:31  [main] 	Starting Check-Timer
ø¿»ƒ 2:04:31  [main] 	Control Panel Ready
ø¿»ƒ 2:04:33  [Apache] 	Attempting to start Apache app...
ø¿»ƒ 2:04:33  [Apache] 	Status change detected: running
ø¿¿¸ 2:46:43  [Apache] 	Status change detected: stopped
ø¿¿¸ 2:46:43  [Apache] 	Error: Apache shutdown unexpectedly.
ø¿¿¸ 2:46:43  [Apache] 	This may be due to a blocked port, missing dependencies, 
ø¿¿¸ 2:46:43  [Apache] 	improper privileges, a crash, or a shutdown by another method.
ø¿¿¸ 2:46:43  [Apache] 	Press the Logs button to view error logs and check
ø¿¿¸ 2:46:43  [Apache] 	the Windows Event Viewer for more clues
ø¿¿¸ 2:46:43  [Apache] 	If you need more help, copy and post this
ø¿¿¸ 2:46:43  [Apache] 	entire log window on the forums
ø¿¿¸ 2:46:44  [mysql] 	Status change detected: stopped
ø¿¿¸ 2:46:44  [mysql] 	Error: MySQL shutdown unexpectedly.
ø¿¿¸ 2:46:44  [mysql] 	This may be due to a blocked port, missing dependencies, 
ø¿¿¸ 2:46:44  [mysql] 	improper privileges, a crash, or a shutdown by another method.
ø¿¿¸ 2:46:44  [mysql] 	Press the Logs button to view error logs and check
ø¿¿¸ 2:46:44  [mysql] 	the Windows Event Viewer for more clues
ø¿¿¸ 2:46:44  [mysql] 	If you need more help, copy and post this
ø¿¿¸ 2:46:44  [mysql] 	entire log window on the forums
ø¿¿¸ 2:46:54  [main] 	Deinitializing Modules
ø¿¿¸ 2:46:54  [main] 	Deinitializing Control Panel

